<?xml version="1.0" encoding="UTF-8"?>
<testng-results ignored="0" total="1" passed="1" failed="0" skipped="0">
  <reporter-output>
  </reporter-output>
  <suite started-at="2025-04-14T13:48:59 IST" name="Default suite" finished-at="2025-04-14T13:49:28 IST" duration-ms="28817">
    <groups>
    </groups>
    <test started-at="2025-04-14T13:48:59 IST" name="Default test" finished-at="2025-04-14T13:49:28 IST" duration-ms="28817">
      <class name="com.qa.test.A">
        <test-method is-config="true" signature="startExtentReport()[pri:0, instance:com.qa.test.A@287ae90c]" started-at="2025-04-14T13:48:58 IST" name="startExtentReport" finished-at="2025-04-14T13:48:59 IST" duration-ms="864" status="PASS">
          <reporter-output>
          </reporter-output>
        </test-method> <!-- startExtentReport -->
        <test-method is-config="true" signature="beforeTestResult(java.lang.reflect.Method)[pri:0, instance:com.qa.test.A@287ae90c]" started-at="2025-04-14T13:48:59 IST" name="beforeTestResult" finished-at="2025-04-14T13:48:59 IST" duration-ms="12" status="PASS">
          <params>
            <param index="0">
              <value>
                <![CDATA[public void com.qa.test.A.launchBrowser() throws java.lang.Exception]]>
              </value>
            </param>
          </params>
          <reporter-output>
          </reporter-output>
        </test-method> <!-- beforeTestResult -->
        <test-method signature="launchBrowser()[pri:0, instance:com.qa.test.A@287ae90c]" started-at="2025-04-14T13:48:59 IST" name="launchBrowser" finished-at="2025-04-14T13:49:28 IST" duration-ms="28654" status="PASS">
          <reporter-output>
          </reporter-output>
        </test-method> <!-- launchBrowser -->
        <test-method is-config="true" signature="afterTestResult(org.testng.ITestResult)[pri:0, instance:com.qa.test.A@287ae90c]" started-at="2025-04-14T13:49:28 IST" name="afterTestResult" finished-at="2025-04-14T13:49:28 IST" duration-ms="2" status="PASS">
          <params>
            <param index="0">
              <value>
                <![CDATA[[TestResult name=launchBrowser status=SUCCESS method=A.launchBrowser()[pri:0, instance:com.qa.test.A@287ae90c] output={null}]]]>
              </value>
            </param>
          </params>
          <reporter-output>
          </reporter-output>
        </test-method> <!-- afterTestResult -->
        <test-method is-config="true" signature="endExtentReport()[pri:0, instance:com.qa.test.A@287ae90c]" started-at="2025-04-14T13:49:28 IST" name="endExtentReport" finished-at="2025-04-14T13:49:30 IST" duration-ms="1353" status="FAIL">
          <exception class="java.io.IOException">
            <message>
              <![CDATA[Cannot run program "C:\Users\vikas.verma\eclipse-workspace\Ascent_One_Automation/allureReport.bat": CreateProcess error=2, The system cannot find the file specified]]>
            </message>
            <full-stacktrace>
              <![CDATA[java.io.IOException: Cannot run program "C:\Users\vikas.verma\eclipse-workspace\Ascent_One_Automation/allureReport.bat": CreateProcess error=2, The system cannot find the file specified
at java.base/java.lang.ProcessBuilder.start(ProcessBuilder.java:1170)
at java.base/java.lang.ProcessBuilder.start(ProcessBuilder.java:1089)
at com.ascentone.qa.base.TestBase.runBatFile(TestBase.java:183)
at com.ascentone.qa.base.TestBase.gererateAllureReport(TestBase.java:281)
at com.ascentone.qa.base.TestBase.endExtentReport(TestBase.java:273)
at java.base/jdk.internal.reflect.DirectMethodHandleAccessor.invoke(DirectMethodHandleAccessor.java:103)
at java.base/java.lang.reflect.Method.invoke(Method.java:580)
at org.testng.internal.invokers.MethodInvocationHelper.invokeMethod(MethodInvocationHelper.java:141)
at org.testng.internal.invokers.MethodInvocationHelper.invokeMethodConsideringTimeout(MethodInvocationHelper.java:71)
at org.testng.internal.invokers.ConfigInvoker.invokeConfigurationMethod(ConfigInvoker.java:400)
at org.testng.internal.invokers.ConfigInvoker.invokeConfigurations(ConfigInvoker.java:333)
at org.testng.SuiteRunner.privateRun(SuiteRunner.java:386)
at org.testng.SuiteRunner.run(SuiteRunner.java:312)
at org.testng.SuiteRunnerWorker.runSuite(SuiteRunnerWorker.java:52)
at org.testng.SuiteRunnerWorker.run(SuiteRunnerWorker.java:95)
at org.testng.TestNG.runSuitesSequentially(TestNG.java:1274)
at org.testng.TestNG.runSuitesLocally(TestNG.java:1208)
at org.testng.TestNG.runSuites(TestNG.java:1112)
at org.testng.TestNG.run(TestNG.java:1079)
at org.testng.remote.AbstractRemoteTestNG.run(AbstractRemoteTestNG.java:115)
at org.testng.remote.RemoteTestNG.initAndRun(RemoteTestNG.java:293)
at org.testng.remote.RemoteTestNG.main(RemoteTestNG.java:91)
Caused by: java.io.IOException: CreateProcess error=2, The system cannot find the file specified
at java.base/java.lang.ProcessImpl.create(Native Method)
at java.base/java.lang.ProcessImpl.<init>(ProcessImpl.java:506)
at java.base/java.lang.ProcessImpl.start(ProcessImpl.java:159)
at java.base/java.lang.ProcessBuilder.start(ProcessBuilder.java:1126)
... 21 more
]]>
            </full-stacktrace>
          </exception> <!-- java.io.IOException -->
          <reporter-output>
          </reporter-output>
        </test-method> <!-- endExtentReport -->
      </class> <!-- com.qa.test.A -->
    </test> <!-- Default test -->
  </suite> <!-- Default suite -->
</testng-results>
