{"uuid":"f982b5d3-0755-4f1c-be0b-3ae1ffec7bb2","name":"Default suite","children":["3b87b91e-9a7d-4808-87bc-c775bd277c2b","94d0de9e-b3ee-4ce5-a0fb-c98f8a48ef5d"],"befores":[{"name":"startExtentReport","status":"passed","stage":"finished","description":"","steps":[],"attachments":[],"parameters":[],"start":1744618738988,"stop":1744618739835}],"afters":[{"name":"endExtentReport","status":"broken","statusDetails":{"known":false,"muted":false,"flaky":false,"message":"Cannot run program \"C:\\Users\\vikas.verma\\eclipse-workspace\\Ascent_One_Automation/allureReport.bat\": CreateProcess error=2, The system cannot find the file specified","trace":"java.io.IOException: Cannot run program \"C:\\Users\\vikas.verma\\eclipse-workspace\\Ascent_One_Automation/allureReport.bat\": CreateProcess error=2, The system cannot find the file specified\r\n\tat java.base/java.lang.ProcessBuilder.start(ProcessBuilder.java:1170)\r\n\tat java.base/java.lang.ProcessBuilder.start(ProcessBuilder.java:1089)\r\n\tat com.ascentone.qa.base.TestBase.runBatFile(TestBase.java:183)\r\n\tat com.ascentone.qa.base.TestBase.gererateAllureReport(TestBase.java:281)\r\n\tat com.ascentone.qa.base.TestBase.endExtentReport(TestBase.java:273)\r\n\tat java.base/jdk.internal.reflect.DirectMethodHandleAccessor.invoke(DirectMethodHandleAccessor.java:103)\r\n\tat java.base/java.lang.reflect.Method.invoke(Method.java:580)\r\n\tat org.testng.internal.invokers.MethodInvocationHelper.invokeMethod(MethodInvocationHelper.java:141)\r\n\tat org.testng.internal.invokers.MethodInvocationHelper.invokeMethodConsideringTimeout(MethodInvocationHelper.java:71)\r\n\tat org.testng.internal.invokers.ConfigInvoker.invokeConfigurationMethod(ConfigInvoker.java:400)\r\n\tat org.testng.internal.invokers.ConfigInvoker.invokeConfigurations(ConfigInvoker.java:333)\r\n\tat org.testng.SuiteRunner.privateRun(SuiteRunner.java:386)\r\n\tat org.testng.SuiteRunner.run(SuiteRunner.java:312)\r\n\tat org.testng.SuiteRunnerWorker.runSuite(SuiteRunnerWorker.java:52)\r\n\tat org.testng.SuiteRunnerWorker.run(SuiteRunnerWorker.java:95)\r\n\tat org.testng.TestNG.runSuitesSequentially(TestNG.java:1274)\r\n\tat org.testng.TestNG.runSuitesLocally(TestNG.java:1208)\r\n\tat org.testng.TestNG.runSuites(TestNG.java:1112)\r\n\tat org.testng.TestNG.run(TestNG.java:1079)\r\n\tat org.testng.remote.AbstractRemoteTestNG.run(AbstractRemoteTestNG.java:115)\r\n\tat org.testng.remote.RemoteTestNG.initAndRun(RemoteTestNG.java:293)\r\n\tat org.testng.remote.RemoteTestNG.main(RemoteTestNG.java:91)\r\nCaused by: java.io.IOException: CreateProcess error=2, The system cannot find the file specified\r\n\tat java.base/java.lang.ProcessImpl.create(Native Method)\r\n\tat java.base/java.lang.ProcessImpl.<init>(ProcessImpl.java:506)\r\n\tat java.base/java.lang.ProcessImpl.start(ProcessImpl.java:159)\r\n\tat java.base/java.lang.ProcessBuilder.start(ProcessBuilder.java:1126)\r\n\t... 21 more\r\n"},"stage":"finished","description":"","steps":[],"attachments":[],"parameters":[],"start":1744618768707,"stop":1744618770060}],"start":1744618738956,"stop":1744618770066}